<?xml version="1.0" encoding="UTF-8"?>
<!-- Generated by org.testng.reporters.JUnitReportReporter -->
<testsuite hostname="DESKTOP-A11BB6J" failures="0" tests="2" name="sele1.TestngInotations" time="0.011" errors="0" timestamp="2022-07-24T18:53:52 IST" skipped="0">
  <testcase classname="sele1.TestngInotations" name="test1" time="0.007"/>
  <system-out/>
  <testcase classname="sele1.TestngInotations" name="test2" time="0.004"/>
  <system-out/>
</testsuite> <!-- sele1.TestngInotations -->
